2026-01-30 15:09:15,168 - VideoPipeline - INFO - VGGT 모델 초기화 중...
2026-01-30 15:09:15,232 - dinov2 - INFO - using MLP layer as FFN
2026-01-30 15:09:56,901 - VideoPipeline - INFO - VGGT 모델 준비 완료.
2026-01-30 15:10:03,384 - VideoPipeline - INFO - [7912acb7-6edd-4579-85c5-e4a3b69bd097] 전처리 단계 시작
2026-01-30 15:10:07,004 - preprocessor - WARNING - 이미지 삭제 (심한 블러): frame_0056.jpg (점수: 42.12)
2026-01-30 15:10:07,109 - preprocessor - WARNING - 이미지 삭제 (심한 블러): frame_0058.jpg (점수: 45.15)
2026-01-30 15:10:07,150 - preprocessor - WARNING - 이미지 삭제 (심한 블러): frame_0059.jpg (점수: 48.91)
2026-01-30 15:10:07,254 - preprocessor - WARNING - 이미지 삭제 (심한 블러): frame_0061.jpg (점수: 41.06)
2026-01-30 15:10:07,775 - preprocessor - WARNING - 이미지 삭제 (심한 블러): frame_0070.jpg (점수: 35.11)
2026-01-30 15:10:07,817 - preprocessor - WARNING - 이미지 삭제 (심한 블러): frame_0071.jpg (점수: 16.19)
2026-01-30 15:10:07,866 - preprocessor - WARNING - 이미지 삭제 (심한 블러): frame_0072.jpg (점수: 24.13)
2026-01-30 15:10:07,905 - preprocessor - WARNING - 이미지 삭제 (심한 블러): frame_0073.jpg (점수: 4.97)
2026-01-30 15:10:07,953 - preprocessor - WARNING - 이미지 삭제 (심한 블러): frame_0074.jpg (점수: 6.22)
2026-01-30 15:10:07,993 - preprocessor - WARNING - 이미지 삭제 (심한 블러): frame_0075.jpg (점수: 33.44)
2026-01-30 15:10:08,046 - preprocessor - WARNING - 이미지 삭제 (심한 블러): frame_0076.jpg (점수: 28.46)
2026-01-30 15:10:08,088 - preprocessor - WARNING - 이미지 삭제 (심한 블러): frame_0077.jpg (점수: 30.20)
2026-01-30 15:10:08,143 - preprocessor - WARNING - 이미지 삭제 (심한 블러): frame_0078.jpg (점수: 35.36)
2026-01-30 15:10:08,182 - preprocessor - WARNING - 이미지 삭제 (심한 블러): frame_0079.jpg (점수: 6.39)
2026-01-30 15:10:08,224 - preprocessor - WARNING - 이미지 삭제 (심한 블러): frame_0080.jpg (점수: 2.84)
2026-01-30 15:10:08,262 - preprocessor - WARNING - 이미지 삭제 (심한 블러): frame_0081.jpg (점수: 33.57)
2026-01-30 15:10:08,306 - preprocessor - WARNING - 이미지 삭제 (심한 블러): frame_0082.jpg (점수: 37.44)
2026-01-30 15:10:08,351 - preprocessor - WARNING - 이미지 삭제 (심한 블러): frame_0083.jpg (점수: 47.56)
2026-01-30 15:10:12,170 - preprocessor - INFO - 작업 요약: 저장됨(135), 보정됨(83), 삭제됨(18)
2026-01-30 15:10:12,172 - VideoPipeline - INFO - [7912acb7-6edd-4579-85c5-e4a3b69bd097] 전처리 완료 (소요시간: 8.79초)
2026-01-30 15:10:12,172 - VideoPipeline - INFO - [7912acb7-6edd-4579-85c5-e4a3b69bd097] GPU 자원 대기 중...
2026-01-30 15:10:12,172 - VideoPipeline - INFO - [7912acb7-6edd-4579-85c5-e4a3b69bd097] GPU 락 획득, VGGT 추론 시작
2026-01-30 15:17:30,204 - VideoPipeline - INFO - VGGT 모델 초기화 중...
2026-01-30 15:17:30,219 - dinov2 - INFO - using MLP layer as FFN
2026-01-30 15:18:09,329 - VideoPipeline - INFO - VGGT 모델 준비 완료.
2026-01-30 15:18:14,272 - VideoPipeline - INFO - [3cf1bc91-d53b-48e0-b34a-209275774759] 전처리 단계 시작
2026-01-30 15:18:15,895 - preprocessor - WARNING - 이미지 삭제 (심한 블러): frame_0024.jpg (점수: 24.13)
2026-01-30 15:18:15,932 - preprocessor - WARNING - 이미지 삭제 (심한 블러): frame_0025.jpg (점수: 33.44)
2026-01-30 15:18:15,978 - preprocessor - WARNING - 이미지 삭제 (심한 블러): frame_0026.jpg (점수: 35.36)
2026-01-30 15:18:16,016 - preprocessor - WARNING - 이미지 삭제 (심한 블러): frame_0027.jpg (점수: 33.57)
2026-01-30 15:18:17,310 - preprocessor - INFO - 작업 요약: 저장됨(47), 보정됨(16), 삭제됨(4)
2026-01-30 15:18:17,312 - VideoPipeline - INFO - [3cf1bc91-d53b-48e0-b34a-209275774759] 전처리 완료 (소요시간: 3.04초)
2026-01-30 15:18:17,312 - VideoPipeline - INFO - [3cf1bc91-d53b-48e0-b34a-209275774759] GPU 자원 대기 중...
2026-01-30 15:18:17,312 - VideoPipeline - INFO - [3cf1bc91-d53b-48e0-b34a-209275774759] GPU 락 획득, VGGT 추론 시작
2026-01-30 15:19:22,641 - VideoPipeline - INFO - [3cf1bc91-d53b-48e0-b34a-209275774759] 추론 완료 (소요시간: 65.33초)
2026-01-30 15:19:22,642 - VideoPipeline - INFO - [3cf1bc91-d53b-48e0-b34a-209275774759] 파이프라인 정상 종료 (총 소요시간: 68.37초)
2026-01-30 15:34:44,454 - VideoPipeline - INFO - VGGT 모델 초기화 중...
2026-01-30 15:34:44,468 - dinov2 - INFO - using MLP layer as FFN
2026-01-30 15:35:08,854 - VideoPipeline - INFO - VGGT 모델 준비 완료.
2026-01-30 15:38:08,683 - VideoPipeline - INFO - [68b26cbb-f0bd-428d-b072-705d915588d6] 전처리 단계 시작
2026-01-30 15:38:10,330 - preprocessor - WARNING - 이미지 삭제 (심한 블러): frame_0024.jpg (점수: 24.13)
2026-01-30 15:38:10,368 - preprocessor - WARNING - 이미지 삭제 (심한 블러): frame_0025.jpg (점수: 33.44)
2026-01-30 15:38:10,415 - preprocessor - WARNING - 이미지 삭제 (심한 블러): frame_0026.jpg (점수: 35.36)
2026-01-30 15:38:10,454 - preprocessor - WARNING - 이미지 삭제 (심한 블러): frame_0027.jpg (점수: 33.57)
2026-01-30 15:38:11,725 - preprocessor - INFO - 작업 요약: 저장됨(47), 보정됨(16), 삭제됨(4)
2026-01-30 15:38:11,727 - VideoPipeline - INFO - [68b26cbb-f0bd-428d-b072-705d915588d6] 전처리 완료 (소요시간: 3.04초)
2026-01-30 15:38:11,727 - VideoPipeline - INFO - [68b26cbb-f0bd-428d-b072-705d915588d6] GPU 자원 대기 중...
2026-01-30 15:38:11,728 - VideoPipeline - INFO - [68b26cbb-f0bd-428d-b072-705d915588d6] GPU 락 획득, VGGT 추론 시작
2026-01-30 15:39:56,357 - VideoPipeline - INFO - VGGT 모델 초기화 중...
2026-01-30 15:39:56,370 - dinov2 - INFO - using MLP layer as FFN
2026-01-30 15:40:20,382 - VideoPipeline - INFO - VGGT 모델 준비 완료.
2026-01-30 15:40:34,644 - VideoPipeline - INFO - [b825b16d-3076-46f0-adef-3a340430e96b] 전처리 단계 시작
2026-01-30 15:40:37,025 - preprocessor - WARNING - 이미지 삭제 (심한 블러): frame_0035.jpg (점수: 48.17)
2026-01-30 15:40:37,127 - preprocessor - WARNING - 이미지 삭제 (심한 블러): frame_0037.jpg (점수: 49.80)
2026-01-30 15:40:37,459 - preprocessor - WARNING - 이미지 삭제 (심한 블러): frame_0043.jpg (점수: 48.31)
2026-01-30 15:40:37,671 - preprocessor - WARNING - 이미지 삭제 (심한 블러): frame_0047.jpg (점수: 25.95)
2026-01-30 15:40:37,715 - preprocessor - WARNING - 이미지 삭제 (심한 블러): frame_0048.jpg (점수: 24.13)
2026-01-30 15:40:37,750 - preprocessor - WARNING - 이미지 삭제 (심한 블러): frame_0049.jpg (점수: 3.05)
2026-01-30 15:40:37,793 - preprocessor - WARNING - 이미지 삭제 (심한 블러): frame_0050.jpg (점수: 33.44)
2026-01-30 15:40:37,831 - preprocessor - WARNING - 이미지 삭제 (심한 블러): frame_0051.jpg (점수: 34.41)
2026-01-30 15:40:37,876 - preprocessor - WARNING - 이미지 삭제 (심한 블러): frame_0052.jpg (점수: 35.36)
2026-01-30 15:40:37,911 - preprocessor - WARNING - 이미지 삭제 (심한 블러): frame_0053.jpg (점수: 3.44)
2026-01-30 15:40:37,955 - preprocessor - WARNING - 이미지 삭제 (심한 블러): frame_0054.jpg (점수: 33.57)
2026-01-30 15:40:37,994 - preprocessor - WARNING - 이미지 삭제 (심한 블러): frame_0055.jpg (점수: 46.28)
2026-01-30 15:40:41,057 - preprocessor - INFO - 작업 요약: 저장됨(90), 보정됨(49), 삭제됨(12)
2026-01-30 15:40:41,059 - VideoPipeline - INFO - [b825b16d-3076-46f0-adef-3a340430e96b] 전처리 완료 (소요시간: 6.41초)
2026-01-30 15:40:41,060 - VideoPipeline - INFO - [b825b16d-3076-46f0-adef-3a340430e96b] GPU 자원 대기 중...
2026-01-30 15:40:41,060 - VideoPipeline - INFO - [b825b16d-3076-46f0-adef-3a340430e96b] GPU 락 획득, VGGT 추론 시작
2026-01-30 15:43:27,583 - VideoPipeline - INFO - [b825b16d-3076-46f0-adef-3a340430e96b] 추론 완료 (소요시간: 166.52초)
2026-01-30 15:43:27,584 - VideoPipeline - INFO - [b825b16d-3076-46f0-adef-3a340430e96b] 파이프라인 정상 종료 (총 소요시간: 172.94초)
2026-01-30 15:49:52,848 - VideoPipeline - INFO - VGGT 모델 초기화 중...
2026-01-30 15:49:52,859 - dinov2 - INFO - using MLP layer as FFN
2026-01-30 15:50:18,603 - VideoPipeline - INFO - VGGT 모델 준비 완료.
2026-01-30 15:50:27,749 - VideoPipeline - INFO - [5e50b21d-1d17-4695-a932-eb9e337afafb] 전처리 단계 시작
2026-01-30 15:50:34,200 - preprocessor - INFO - 작업 요약: 저장됨(102), 보정됨(61), 삭제됨(0)
2026-01-30 15:50:34,203 - VideoPipeline - INFO - [5e50b21d-1d17-4695-a932-eb9e337afafb] 전처리 완료 (소요시간: 6.45초)
2026-01-30 15:50:34,203 - VideoPipeline - INFO - [5e50b21d-1d17-4695-a932-eb9e337afafb] GPU 자원 대기 중...
2026-01-30 15:50:34,203 - VideoPipeline - INFO - [5e50b21d-1d17-4695-a932-eb9e337afafb] GPU 락 획득, VGGT 추론 시작
2026-01-30 15:53:53,761 - VideoPipeline - INFO - [5e50b21d-1d17-4695-a932-eb9e337afafb] 추론 완료 (소요시간: 199.56초)
2026-01-30 15:53:53,762 - VideoPipeline - INFO - [5e50b21d-1d17-4695-a932-eb9e337afafb] 파이프라인 정상 종료 (총 소요시간: 206.01초)
2026-01-30 16:02:51,490 - VideoPipeline - INFO - VGGT 모델 초기화 중...
2026-01-30 16:02:51,502 - dinov2 - INFO - using MLP layer as FFN
2026-01-30 16:03:15,428 - VideoPipeline - INFO - VGGT 모델 준비 완료.
2026-01-30 16:03:19,026 - VideoPipeline - INFO - [973a9255-4811-4b33-88ef-cb35ada68238] 전처리 단계 시작
2026-01-30 16:03:21,854 - preprocessor - INFO - 작업 요약: 저장됨(32), 보정됨(1), 삭제됨(0)
2026-01-30 16:03:21,858 - VideoPipeline - INFO - [973a9255-4811-4b33-88ef-cb35ada68238] 전처리 완료 (소요시간: 2.83초)
2026-01-30 16:03:21,858 - VideoPipeline - INFO - [973a9255-4811-4b33-88ef-cb35ada68238] GPU 자원 대기 중...
2026-01-30 16:03:21,858 - VideoPipeline - INFO - [973a9255-4811-4b33-88ef-cb35ada68238] GPU 락 획득, VGGT 추론 시작
2026-01-30 16:04:03,092 - VideoPipeline - INFO - [973a9255-4811-4b33-88ef-cb35ada68238] 추론 완료 (소요시간: 41.23초)
2026-01-30 16:04:03,092 - VideoPipeline - INFO - [973a9255-4811-4b33-88ef-cb35ada68238] 파이프라인 정상 종료 (총 소요시간: 44.07초)
2026-01-30 16:23:09,263 - VideoPipeline - INFO - VGGT 모델 초기화 중...
2026-01-30 16:23:09,276 - dinov2 - INFO - using MLP layer as FFN
2026-01-30 16:23:32,870 - VideoPipeline - INFO - VGGT 모델 준비 완료.
2026-01-30 16:23:42,910 - VideoPipeline - INFO - [388cdb29-fed5-4265-abde-613d056a103b] 전처리 단계 시작
2026-01-30 16:23:44,972 - preprocessor - INFO - [388cdb29-fed5-4265-abde-613d056a103b] 작업 완료: 저장됨(32), 보정됨(1), 삭제됨(0)
2026-01-30 16:23:44,974 - VideoPipeline - INFO - [388cdb29-fed5-4265-abde-613d056a103b] 전처리 완료 (소요시간: 2.06초)
2026-01-30 16:23:44,975 - VideoPipeline - INFO - [388cdb29-fed5-4265-abde-613d056a103b] GPU 자원 대기 중...
2026-01-30 16:24:11,514 - VideoPipeline - INFO - [ee55cd25-e745-4f35-98b8-11eab5139f27] 전처리 단계 시작
2026-01-30 16:24:13,516 - preprocessor - INFO - [ee55cd25-e745-4f35-98b8-11eab5139f27] 작업 완료: 저장됨(32), 보정됨(1), 삭제됨(0)
2026-01-30 16:24:13,518 - VideoPipeline - INFO - [ee55cd25-e745-4f35-98b8-11eab5139f27] 전처리 완료 (소요시간: 2.0초)
2026-01-30 16:24:13,518 - VideoPipeline - INFO - [ee55cd25-e745-4f35-98b8-11eab5139f27] GPU 자원 대기 중...
2026-01-30 16:24:22,514 - VideoPipeline - INFO - [388cdb29-fed5-4265-abde-613d056a103b] GPU 락 획득, VGGT 추론 시작
2026-01-30 16:24:24,187 - VideoPipeline - ERROR - [388cdb29-fed5-4265-abde-613d056a103b] 파이프라인 에러: cannot identify image file '/mnt/sdcard/klee_koreatech/init/result/processed_388cdb29-fed5-4265-abde-613d056a103b/reconstruction.ply'
2026-01-30 16:24:30,846 - VideoPipeline - INFO - [3cad4dd4-1e3c-44cb-b30d-f19826da2d11] 전처리 단계 시작
2026-01-30 16:24:32,709 - preprocessor - INFO - [3cad4dd4-1e3c-44cb-b30d-f19826da2d11] 작업 완료: 저장됨(32), 보정됨(1), 삭제됨(0)
2026-01-30 16:24:32,709 - VideoPipeline - INFO - [3cad4dd4-1e3c-44cb-b30d-f19826da2d11] 전처리 완료 (소요시간: 1.86초)
2026-01-30 16:24:32,709 - VideoPipeline - INFO - [3cad4dd4-1e3c-44cb-b30d-f19826da2d11] GPU 자원 대기 중...
2026-01-30 16:25:00,749 - VideoPipeline - INFO - [ee55cd25-e745-4f35-98b8-11eab5139f27] GPU 락 획득, VGGT 추론 시작
2026-01-30 16:25:01,685 - VideoPipeline - ERROR - [ee55cd25-e745-4f35-98b8-11eab5139f27] 파이프라인 에러: cannot identify image file '/mnt/sdcard/klee_koreatech/init/result/processed_ee55cd25-e745-4f35-98b8-11eab5139f27/reconstruction.ply'
2026-01-30 16:25:37,533 - VideoPipeline - INFO - [3cad4dd4-1e3c-44cb-b30d-f19826da2d11] GPU 락 획득, VGGT 추론 시작
2026-01-30 16:25:38,507 - VideoPipeline - ERROR - [3cad4dd4-1e3c-44cb-b30d-f19826da2d11] 파이프라인 에러: cannot identify image file '/mnt/sdcard/klee_koreatech/init/result/processed_3cad4dd4-1e3c-44cb-b30d-f19826da2d11/reconstruction.ply'
2026-01-30 16:39:17,303 - VideoPipeline - INFO - [7761aefa-2993-488d-9add-c00c7b4c1afc] 전처리 단계 시작
2026-01-30 16:39:19,020 - VideoPipeline - INFO - [d83898b5-dc37-486e-856d-4482d42d9c05] 전처리 단계 시작
2026-01-30 16:39:19,242 - preprocessor - INFO - [7761aefa-2993-488d-9add-c00c7b4c1afc] 작업 완료: 저장됨(32), 보정됨(1), 삭제됨(0)
2026-01-30 16:39:19,242 - VideoPipeline - INFO - [7761aefa-2993-488d-9add-c00c7b4c1afc] 전처리 완료 (소요시간: 1.94초)
2026-01-30 16:39:19,242 - VideoPipeline - INFO - [7761aefa-2993-488d-9add-c00c7b4c1afc] GPU 자원 대기 중...
2026-01-30 16:39:20,958 - preprocessor - INFO - [d83898b5-dc37-486e-856d-4482d42d9c05] 작업 완료: 저장됨(32), 보정됨(1), 삭제됨(0)
2026-01-30 16:39:20,958 - VideoPipeline - INFO - [d83898b5-dc37-486e-856d-4482d42d9c05] 전처리 완료 (소요시간: 1.94초)
2026-01-30 16:39:20,958 - VideoPipeline - INFO - [d83898b5-dc37-486e-856d-4482d42d9c05] GPU 자원 대기 중...
2026-01-30 16:41:00,287 - VideoPipeline - INFO - VGGT 모델 초기화 중...
2026-01-30 16:41:00,298 - dinov2 - INFO - using MLP layer as FFN
2026-01-30 16:41:26,686 - VideoPipeline - INFO - VGGT 모델 준비 완료.
2026-01-30 16:42:15,065 - VideoPipeline - INFO - [34f8a9eb-c2e7-497d-bceb-e01579b8a415] 전처리 단계 시작
2026-01-30 16:42:16,002 - VideoPipeline - INFO - [76738bd0-f63e-427d-9fa2-3298393e792f] 전처리 단계 시작
2026-01-30 16:42:16,870 - VideoPipeline - INFO - [508ac62f-27ea-4710-92bc-9ab175fd6891] 전처리 단계 시작
2026-01-30 16:42:17,108 - preprocessor - INFO - [34f8a9eb-c2e7-497d-bceb-e01579b8a415] 작업 완료: 저장됨(32), 보정됨(1), 삭제됨(0)
2026-01-30 16:42:17,111 - VideoPipeline - INFO - [34f8a9eb-c2e7-497d-bceb-e01579b8a415] 전처리 완료 (소요시간: 2.05초)
2026-01-30 16:42:17,111 - VideoPipeline - INFO - [34f8a9eb-c2e7-497d-bceb-e01579b8a415] GPU 자원 대기 중...
2026-01-30 16:42:18,095 - preprocessor - INFO - [76738bd0-f63e-427d-9fa2-3298393e792f] 작업 완료: 저장됨(32), 보정됨(1), 삭제됨(0)
2026-01-30 16:42:18,097 - VideoPipeline - INFO - [76738bd0-f63e-427d-9fa2-3298393e792f] 전처리 완료 (소요시간: 2.09초)
2026-01-30 16:42:18,097 - VideoPipeline - INFO - [76738bd0-f63e-427d-9fa2-3298393e792f] GPU 자원 대기 중...
2026-01-30 16:42:18,921 - preprocessor - INFO - [508ac62f-27ea-4710-92bc-9ab175fd6891] 작업 완료: 저장됨(32), 보정됨(1), 삭제됨(0)
2026-01-30 16:42:18,924 - VideoPipeline - INFO - [508ac62f-27ea-4710-92bc-9ab175fd6891] 전처리 완료 (소요시간: 2.05초)
2026-01-30 16:42:18,924 - VideoPipeline - INFO - [508ac62f-27ea-4710-92bc-9ab175fd6891] GPU 자원 대기 중...
2026-01-30 16:42:56,767 - VideoPipeline - INFO - [34f8a9eb-c2e7-497d-bceb-e01579b8a415] GPU 락 획득, VGGT 추론 시작
2026-01-30 16:43:31,689 - VideoPipeline - INFO - [34f8a9eb-c2e7-497d-bceb-e01579b8a415] 추론 완료 (소요시간: 34.92초)
2026-01-30 16:43:31,689 - VideoPipeline - INFO - [34f8a9eb-c2e7-497d-bceb-e01579b8a415] 파이프라인 정상 종료 (총 소요시간: 76.62초)
2026-01-30 16:44:07,021 - VideoPipeline - INFO - [76738bd0-f63e-427d-9fa2-3298393e792f] GPU 락 획득, VGGT 추론 시작
2026-01-30 16:44:41,956 - VideoPipeline - INFO - [76738bd0-f63e-427d-9fa2-3298393e792f] 추론 완료 (소요시간: 34.93초)
2026-01-30 16:44:41,957 - VideoPipeline - INFO - [76738bd0-f63e-427d-9fa2-3298393e792f] 파이프라인 정상 종료 (총 소요시간: 145.95초)
2026-01-30 16:45:20,621 - VideoPipeline - INFO - [508ac62f-27ea-4710-92bc-9ab175fd6891] GPU 락 획득, VGGT 추론 시작
2026-01-30 16:45:56,785 - VideoPipeline - INFO - [508ac62f-27ea-4710-92bc-9ab175fd6891] 추론 완료 (소요시간: 36.16초)
2026-01-30 16:45:56,787 - VideoPipeline - INFO - [508ac62f-27ea-4710-92bc-9ab175fd6891] 파이프라인 정상 종료 (총 소요시간: 219.92초)
2026-01-30 16:52:17,795 - VideoPipeline - INFO - VGGT 모델 초기화 중...
2026-01-30 16:52:17,808 - dinov2 - INFO - using MLP layer as FFN
2026-01-30 16:52:52,148 - VideoPipeline - INFO - VGGT 모델 준비 완료.
2026-01-30 16:53:15,526 - VideoPipeline - INFO - [eedbadd1-69fd-4825-95c6-149ae3c61392] 전처리 단계 시작
2026-01-30 16:53:17,528 - preprocessor - INFO - [eedbadd1-69fd-4825-95c6-149ae3c61392] 작업 완료: 저장됨(32), 보정됨(1), 삭제됨(0)
2026-01-30 16:53:17,530 - VideoPipeline - INFO - [eedbadd1-69fd-4825-95c6-149ae3c61392] 전처리 완료
2026-01-30 16:53:17,530 - VideoPipeline - INFO - [eedbadd1-69fd-4825-95c6-149ae3c61392] GPU 자원 대기 중...
2026-01-30 16:53:17,530 - VideoPipeline - INFO - [eedbadd1-69fd-4825-95c6-149ae3c61392] GPU 락 획득, VGGT 추론 시작
2026-01-30 16:53:55,462 - VideoPipeline - INFO - [eedbadd1-69fd-4825-95c6-149ae3c61392] 추론 및 저장 완료
2026-01-30 16:53:55,462 - VideoPipeline - INFO - [eedbadd1-69fd-4825-95c6-149ae3c61392] 파이프라인 정상 종료 (총 39.94초)
2026-02-02 14:26:00,474 - VideoPipeline - INFO - VGGT 모델 초기화 중...
2026-02-02 14:26:00,537 - dinov2 - INFO - using MLP layer as FFN
2026-02-02 14:26:42,491 - VideoPipeline - INFO - VGGT 모델 준비 완료.
2026-02-02 14:27:58,727 - VideoPipeline - INFO - [fae3de43-8ca1-404d-81b9-4834171838da] 전처리 단계 시작
2026-02-02 14:27:58,986 - preprocessor - INFO - [fae3de43-8ca1-404d-81b9-4834171838da] 작업 완료: 저장됨(30), 보정됨(0), 삭제됨(0)
2026-02-02 14:27:58,986 - VideoPipeline - INFO - [fae3de43-8ca1-404d-81b9-4834171838da] 전처리 완료
2026-02-02 14:27:58,986 - VideoPipeline - INFO - [fae3de43-8ca1-404d-81b9-4834171838da] GPU 자원 대기 중...
2026-02-02 14:27:58,986 - VideoPipeline - INFO - [fae3de43-8ca1-404d-81b9-4834171838da] GPU 락 획득, VGGT 추론 시작
2026-02-02 14:28:35,220 - VideoPipeline - INFO - [fae3de43-8ca1-404d-81b9-4834171838da] 추론 및 저장 완료
2026-02-02 14:28:35,221 - VideoPipeline - INFO - [fae3de43-8ca1-404d-81b9-4834171838da] 파이프라인 정상 종료 (총 36.49초)
2026-02-02 15:18:38,919 - VideoPipeline - INFO - VGGT 모델 초기화 중...
2026-02-02 15:18:38,932 - dinov2 - INFO - using MLP layer as FFN
2026-02-02 15:19:02,892 - VideoPipeline - INFO - VGGT 모델 준비 완료.
2026-02-02 15:19:04,968 - VideoPipeline - INFO - [d0b4c6cf-ab4a-42cd-9b6e-adeb27fb02cd] 전처리 단계 시작
2026-02-02 15:19:06,056 - preprocessor - INFO - [d0b4c6cf-ab4a-42cd-9b6e-adeb27fb02cd] 전처리 완료: 저장됨(16), 보정됨(0), 삭제됨(0)
2026-02-02 15:19:06,059 - VideoPipeline - INFO - [d0b4c6cf-ab4a-42cd-9b6e-adeb27fb02cd] 전처리 완료
2026-02-02 15:19:06,060 - VideoPipeline - INFO - [d0b4c6cf-ab4a-42cd-9b6e-adeb27fb02cd] GPU 자원 대기 중...
2026-02-02 15:19:06,060 - VideoPipeline - INFO - [d0b4c6cf-ab4a-42cd-9b6e-adeb27fb02cd] GPU 락 획득, VGGT 추론 시작
2026-02-02 15:19:23,436 - VideoPipeline - INFO - [d0b4c6cf-ab4a-42cd-9b6e-adeb27fb02cd] 추론 및 저장 완료
2026-02-02 15:19:23,437 - VideoPipeline - INFO - [d0b4c6cf-ab4a-42cd-9b6e-adeb27fb02cd] 파이프라인 정상 종료 (총 18.47초)
2026-02-02 15:49:47,767 - VideoPipeline - INFO - [8494615d-013e-4086-b1bd-cb415dcdbe7f] 전처리 단계 시작
2026-02-02 15:49:48,114 - preprocessor - WARNING - 이미지 삭제 (심한 블러): frame_0003.jpg (점수: 49.33)
2026-02-02 15:49:48,142 - preprocessor - WARNING - 이미지 삭제 (심한 블러): frame_0004.jpg (점수: 43.80)
2026-02-02 15:49:48,170 - preprocessor - WARNING - 이미지 삭제 (심한 블러): frame_0005.jpg (점수: 39.74)
2026-02-02 15:49:48,198 - preprocessor - WARNING - 이미지 삭제 (심한 블러): frame_0006.jpg (점수: 44.09)
2026-02-02 15:49:48,306 - preprocessor - WARNING - 이미지 삭제 (심한 블러): frame_0009.jpg (점수: 30.00)
2026-02-02 15:49:48,334 - preprocessor - WARNING - 이미지 삭제 (심한 블러): frame_0010.jpg (점수: 38.94)
2026-02-02 15:49:48,608 - preprocessor - WARNING - 이미지 삭제 (심한 블러): frame_0017.jpg (점수: 35.99)
2026-02-02 15:49:48,636 - preprocessor - WARNING - 이미지 삭제 (심한 블러): frame_0018.jpg (점수: 39.81)
2026-02-02 15:49:48,706 - preprocessor - WARNING - 이미지 삭제 (심한 블러): frame_0020.jpg (점수: 33.43)
2026-02-02 15:49:48,733 - preprocessor - WARNING - 이미지 삭제 (심한 블러): frame_0021.jpg (점수: 26.82)
2026-02-02 15:49:48,760 - preprocessor - WARNING - 이미지 삭제 (심한 블러): frame_0022.jpg (점수: 39.39)
2026-02-02 15:49:48,788 - preprocessor - WARNING - 이미지 삭제 (심한 블러): frame_0023.jpg (점수: 40.72)
2026-02-02 15:49:48,862 - preprocessor - WARNING - 이미지 삭제 (심한 블러): frame_0025.jpg (점수: 34.78)
2026-02-02 15:49:48,890 - preprocessor - WARNING - 이미지 삭제 (심한 블러): frame_0026.jpg (점수: 33.87)
2026-02-02 15:49:49,237 - preprocessor - WARNING - 이미지 삭제 (심한 블러): frame_0035.jpg (점수: 38.51)
2026-02-02 15:49:49,264 - preprocessor - WARNING - 이미지 삭제 (심한 블러): frame_0036.jpg (점수: 34.82)
2026-02-02 15:49:49,291 - preprocessor - WARNING - 이미지 삭제 (심한 블러): frame_0037.jpg (점수: 28.06)
2026-02-02 15:49:49,318 - preprocessor - WARNING - 이미지 삭제 (심한 블러): frame_0038.jpg (점수: 32.60)
2026-02-02 15:49:49,345 - preprocessor - WARNING - 이미지 삭제 (심한 블러): frame_0039.jpg (점수: 46.88)
2026-02-02 15:49:49,451 - preprocessor - WARNING - 이미지 삭제 (심한 블러): frame_0042.jpg (점수: 44.08)
2026-02-02 15:49:49,517 - preprocessor - WARNING - 이미지 삭제 (심한 블러): frame_0044.jpg (점수: 24.78)
2026-02-02 15:49:49,544 - preprocessor - WARNING - 이미지 삭제 (심한 블러): frame_0045.jpg (점수: 41.53)
2026-02-02 15:49:49,853 - preprocessor - WARNING - 이미지 삭제 (심한 블러): frame_0053.jpg (점수: 37.27)
2026-02-02 15:49:49,920 - preprocessor - WARNING - 이미지 삭제 (심한 블러): frame_0055.jpg (점수: 25.99)
2026-02-02 15:49:50,294 - preprocessor - INFO - [8494615d-013e-4086-b1bd-cb415dcdbe7f] 전처리 완료: 저장됨(41), 보정됨(25), 삭제됨(24)
2026-02-02 15:49:50,297 - VideoPipeline - INFO - [8494615d-013e-4086-b1bd-cb415dcdbe7f] 전처리 완료
2026-02-02 15:49:50,297 - VideoPipeline - INFO - [8494615d-013e-4086-b1bd-cb415dcdbe7f] GPU 자원 대기 중...
2026-02-02 15:49:50,297 - VideoPipeline - INFO - [8494615d-013e-4086-b1bd-cb415dcdbe7f] GPU 락 획득, VGGT 추론 시작
2026-02-02 15:50:41,209 - VideoPipeline - INFO - [8494615d-013e-4086-b1bd-cb415dcdbe7f] 추론 및 저장 완료
2026-02-02 15:50:41,210 - VideoPipeline - INFO - [8494615d-013e-4086-b1bd-cb415dcdbe7f] 파이프라인 정상 종료 (총 53.44초)
